<?xml version="1.0" encoding="utf-8"?><testsuites name="pytest tests"><testsuite name="pytest" errors="0" failures="0" skipped="0" tests="3" time="2.536" timestamp="2026-08-20T23:54:01.435153+00:00" hostname="agent-env-e29cb641-1230-420b-9cb6-61ce3dc01232"><testcase classname="tests.backend_test" name="test_products_and_summary_load" time="0.500" /><testcase classname="tests.backend_test" name="test_purchase_sale_persistence_and_stock_change" time="0.979" /><testcase classname="tests.backend_test" name="test_transaction_rejects_invalid_and_excess_sale" time="0.436" /></testsuite></testsuites>