<?xml version="1.0" encoding="utf-8"?><testsuites name="pytest tests"><testsuite name="pytest" errors="0" failures="1" skipped="0" tests="28" time="4.673" timestamp="2026-08-21T11:32:21.285627+00:00" hostname="agent-env-e29cb641-1230-420b-9cb6-61ce3dc01232"><testcase classname="tests.test_stock.TestAddStock" name="test_add_stock_increments_and_persists" time="0.536"><failure message="AssertionError: response stock 39 != 36&#10;assert 39 == (29 + 7)">tests/test_stock.py:41: in test_add_stock_increments_and_persists
    assert body["stock"] == before + 7, f"response stock {body['stock']} != {before + 7}"
E   AssertionError: response stock 39 != 36
E   assert 39 == (29 + 7)</failure></testcase><testcase classname="tests.test_stock.TestAddStock" name="test_repeated_adds_accumulate" time="0.738" /><testcase classname="tests.test_history_reports.TestTransactionFilters" name="test_no_params_returns_all_sorted_desc" time="0.731" /><testcase classname="tests.test_history_reports.TestTransactionFilters" name="test_type_filter[sale]" time="0.125" /><testcase classname="tests.test_history_reports.TestTransactionFilters" name="test_type_filter[purchase]" time="0.125" /><testcase classname="tests.test_history_reports.TestTransactionFilters" name="test_invalid_type_is_ignored" time="0.235" /><testcase classname="tests.test_history_reports.TestTransactionFilters" name="test_search_case_insensitive" time="0.234" /><testcase classname="tests.test_stock.TestAddStock" name="test_add_stock_reflected_in_summary" time="0.397" /><testcase classname="tests.test_history_reports.TestTransactionFilters" name="test_search_no_match_returns_empty" time="0.170" /><testcase classname="tests.test_history_reports.TestTransactionFilters" name="test_date_range_today_inclusive" time="0.128" /><testcase classname="tests.test_stock.TestAddStock" name="test_non_positive_quantity_rejected[0]" time="0.371" /><testcase classname="tests.test_history_reports.TestTransactionFilters" name="test_date_to_before_creation_excludes" time="0.150" /><testcase classname="tests.test_history_reports.TestTransactionFilters" name="test_date_from_future_returns_empty" time="0.117" /><testcase classname="tests.test_history_reports.TestTransactionFilters" name="test_combined_filters" time="0.121" /><testcase classname="tests.test_stock.TestAddStock" name="test_non_positive_quantity_rejected[-1]" time="0.363" /><testcase classname="tests.test_history_reports.TestTransactionFilters" name="test_proof_image_persisted" time="0.121" /><testcase classname="tests.test_history_reports.TestWeeklyReport" name="test_current_week_structure_and_totals" time="0.202" /><testcase classname="tests.test_stock.TestAddStock" name="test_non_positive_quantity_rejected[-50]" time="0.441" /><testcase classname="tests.test_history_reports.TestWeeklyReport" name="test_product_movement_matches_seed" time="0.115" /><testcase classname="tests.test_history_reports.TestWeeklyReport" name="test_share_text_content" time="0.098" /><testcase classname="tests.test_history_reports.TestWeeklyReport" name="test_previous_week_offset" time="0.245" /><testcase classname="tests.test_stock.TestAddStock" name="test_unknown_product_returns_404" time="0.124" /><testcase classname="tests.test_history_reports.TestWeeklyReport" name="test_far_future_week_is_empty" time="0.106" /><testcase classname="tests.test_stock.TestAddStock" name="test_missing_quantity_returns_422" time="0.136" /><testcase classname="tests.test_history_reports.TestWeeklyReport" name="test_invalid_offset_returns_422" time="0.102" /><testcase classname="tests.test_stock.TestAddStock" name="test_non_integer_quantity_returns_422" time="0.139" /><testcase classname="tests.test_stock.TestTransactionStockRegression" name="test_sale_reduces_stock" time="0.679" /><testcase classname="tests.test_stock.TestTransactionStockRegression" name="test_oversell_rejected" time="0.350" /></testsuite></testsuites>