<?xml version="1.0" encoding="utf-8"?><testsuites name="pytest tests"><testsuite name="pytest" errors="0" failures="0" skipped="0" tests="31" time="4.914" timestamp="2026-08-21T11:36:44.544403+00:00" hostname="agent-env-e29cb641-1230-420b-9cb6-61ce3dc01232"><testcase classname="tests.test_stock.TestAddStock" name="test_add_stock_increments_and_persists" time="0.787" /><testcase classname="tests.test_history_reports.TestTransactionFilters" name="test_no_params_returns_all_sorted_desc" time="0.608" /><testcase classname="tests.test_history_reports.TestTransactionFilters" name="test_type_filter[sale]" time="0.125" /><testcase classname="tests.test_history_reports.TestTransactionFilters" name="test_type_filter[purchase]" time="0.113" /><testcase classname="tests.test_stock.TestAddStock" name="test_repeated_adds_accumulate" time="0.619" /><testcase classname="tests.test_history_reports.TestTransactionFilters" name="test_invalid_type_is_ignored" time="0.258" /><testcase classname="tests.test_history_reports.TestTransactionFilters" name="test_search_case_insensitive" time="0.303" /><testcase classname="tests.test_stock.TestAddStock" name="test_add_stock_reflected_in_summary" time="0.330" /><testcase classname="tests.test_history_reports.TestTransactionFilters" name="test_search_no_match_returns_empty" time="0.116" /><testcase classname="tests.test_history_reports.TestTransactionFilters" name="test_date_range_today_inclusive" time="0.113" /><testcase classname="tests.test_history_reports.TestTransactionFilters" name="test_date_to_before_creation_excludes" time="0.107" /><testcase classname="tests.test_stock.TestAddStock" name="test_non_positive_quantity_rejected[0]" time="0.352" /><testcase classname="tests.test_history_reports.TestTransactionFilters" name="test_date_from_future_returns_empty" time="0.113" /><testcase classname="tests.test_history_reports.TestTransactionFilters" name="test_combined_filters" time="0.160" /><testcase classname="tests.test_history_reports.TestTransactionFilters" name="test_proof_image_persisted" time="0.143" /><testcase classname="tests.test_stock.TestAddStock" name="test_non_positive_quantity_rejected[-1]" time="0.376" /><testcase classname="tests.test_history_reports.TestWeeklyReport" name="test_current_week_structure_and_totals" time="0.192" /><testcase classname="tests.test_history_reports.TestWeeklyReport" name="test_product_movement_matches_seed" time="0.142" /><testcase classname="tests.test_stock.TestAddStock" name="test_non_positive_quantity_rejected[-50]" time="0.342" /><testcase classname="tests.test_history_reports.TestWeeklyReport" name="test_share_text_content" time="0.135" /><testcase classname="tests.test_history_reports.TestWeeklyReport" name="test_previous_week_offset" time="0.219" /><testcase classname="tests.test_stock.TestAddStock" name="test_unknown_product_returns_404" time="0.097" /><testcase classname="tests.test_history_reports.TestWeeklyReport" name="test_far_future_week_is_empty" time="0.110" /><testcase classname="tests.test_stock.TestAddStock" name="test_missing_quantity_returns_422" time="0.111" /><testcase classname="tests.test_history_reports.TestWeeklyReport" name="test_invalid_offset_returns_422" time="0.110" /><testcase classname="tests.test_stock.TestAddStock" name="test_non_integer_quantity_returns_422" time="0.104" /><testcase classname="tests.backend_test" name="test_products_and_summary_load" time="0.231" /><testcase classname="tests.backend_test" name="test_purchase_sale_persistence_and_stock_change" time="0.713" /><testcase classname="tests.test_stock.TestTransactionStockRegression" name="test_sale_reduces_stock" time="0.703" /><testcase classname="tests.test_stock.TestTransactionStockRegression" name="test_oversell_rejected" time="0.297" /><testcase classname="tests.backend_test" name="test_transaction_rejects_invalid_and_excess_sale" time="0.346" /></testsuite></testsuites>